Build started 11/2/2018 2:05:21 PM.
     1>Project "F:\Classes\3d Gamedev\my Git\SHIT-Engine\SHIT Engine\SHIT Engine\SHIT Engine.vcxproj" on node 2 (Build target(s)).
     1>ClCompile:
         C:\Program Files (x86)\Microsoft Visual Studio 12.0\VC\bin\CL.exe /c /I"F:\Classes\3d Gamedev\include\libraries\Vulkan\1.1.82.1\Include\shaderc" /I"F:\Classes\3d Gamedev\include\libraries\SDL2_image-2.0.3\include" /I"F:\Classes\3d Gamedev\include\libraries\SDL2_mixer-2.0.2\include" /I"F:\Classes\3d Gamedev\include\libraries\SDL2_ttf-2.0.14\include" /I"F:\Classes\3d Gamedev\include\libraries\SDL2-2.0.8\include" /I"F:\Classes\3d Gamedev\include\libraries\Vulkan\1.1.82.1\Include\vulkan" /ZI /nologo /W3 /WX- /sdl /Od /Oy- /D WIN32 /D _DEBUG /D _CONSOLE /D _LIB /D _CRT_SECURE_NO_WARNINGS /D _UNICODE /D UNICODE /Gm /EHsc /RTC1 /MDd /GS /fp:precise /Zc:wchar_t /Zc:forScope /Fo"Debug\\" /Fd"Debug\vc120.pdb" /Gd /TC /analyze- /errorReport:prompt "..\..\..\DJ GIT\gf3d\src\game.c" "..\..\..\DJ GIT\gf3d\src\gf3d_camera.c" "..\..\..\DJ GIT\gf3d\src\gf3d_commands.c" "..\..\..\DJ GIT\gf3d\src\gf3d_extensions.c" "..\..\..\DJ GIT\gf3d\src\gf3d_matrix.c" "..\..\..\DJ GIT\gf3d\src\gf3d_model.c" "..\..\..\DJ GIT\gf3d\src\gf3d_pipeline.c" "..\..\..\DJ GIT\gf3d\src\gf3d_shaders.c" "..\..\..\DJ GIT\gf3d\src\gf3d_swapchain.c" "..\..\..\DJ GIT\gf3d\src\gf3d_types.c" "..\..\..\DJ GIT\gf3d\src\gf3d_validation.c" "..\..\..\DJ GIT\gf3d\src\gf3d_vector.c" "..\..\..\DJ GIT\gf3d\src\gf3d_vgraphics.c" "..\..\..\DJ GIT\gf3d\src\gf3d_vqueues.c" "..\..\..\DJ GIT\gf3d\src\simple_logger.c"
         simple_logger.c
     1>c1 : fatal error C1083: Cannot open source file: '..\..\..\DJ GIT\gf3d\src\simple_logger.c': No such file or directory
         gf3d_vqueues.c
     1>c1 : fatal error C1083: Cannot open source file: '..\..\..\DJ GIT\gf3d\src\gf3d_vqueues.c': No such file or directory
         gf3d_vgraphics.c
     1>c1 : fatal error C1083: Cannot open source file: '..\..\..\DJ GIT\gf3d\src\gf3d_vgraphics.c': No such file or directory
         gf3d_vector.c
     1>c1 : fatal error C1083: Cannot open source file: '..\..\..\DJ GIT\gf3d\src\gf3d_vector.c': No such file or directory
         gf3d_validation.c
     1>c1 : fatal error C1083: Cannot open source file: '..\..\..\DJ GIT\gf3d\src\gf3d_validation.c': No such file or directory
         gf3d_types.c
     1>c1 : fatal error C1083: Cannot open source file: '..\..\..\DJ GIT\gf3d\src\gf3d_types.c': No such file or directory
         gf3d_swapchain.c
     1>c1 : fatal error C1083: Cannot open source file: '..\..\..\DJ GIT\gf3d\src\gf3d_swapchain.c': No such file or directory
         gf3d_shaders.c
     1>c1 : fatal error C1083: Cannot open source file: '..\..\..\DJ GIT\gf3d\src\gf3d_shaders.c': No such file or directory
         gf3d_pipeline.c
     1>c1 : fatal error C1083: Cannot open source file: '..\..\..\DJ GIT\gf3d\src\gf3d_pipeline.c': No such file or directory
         gf3d_model.c
     1>c1 : fatal error C1083: Cannot open source file: '..\..\..\DJ GIT\gf3d\src\gf3d_model.c': No such file or directory
         gf3d_matrix.c
     1>c1 : fatal error C1083: Cannot open source file: '..\..\..\DJ GIT\gf3d\src\gf3d_matrix.c': No such file or directory
         gf3d_extensions.c
     1>c1 : fatal error C1083: Cannot open source file: '..\..\..\DJ GIT\gf3d\src\gf3d_extensions.c': No such file or directory
         gf3d_commands.c
     1>c1 : fatal error C1083: Cannot open source file: '..\..\..\DJ GIT\gf3d\src\gf3d_commands.c': No such file or directory
         gf3d_camera.c
     1>c1 : fatal error C1083: Cannot open source file: '..\..\..\DJ GIT\gf3d\src\gf3d_camera.c': No such file or directory
         game.c
     1>c1 : fatal error C1083: Cannot open source file: '..\..\..\DJ GIT\gf3d\src\game.c': No such file or directory
         Generating Code...
     1>Done Building Project "F:\Classes\3d Gamedev\my Git\SHIT-Engine\SHIT Engine\SHIT Engine\SHIT Engine.vcxproj" (Build target(s)) -- FAILED.

Build FAILED.

Time Elapsed 00:00:01.36
