f:\classes\3d gamedev\3d project\shit engine\shit engine\debug\vc120.pdb
f:\classes\3d gamedev\3d project\shit engine\shit engine\debug\vc120.idb
f:\classes\3d gamedev\3d project\shit engine\shit engine\debug\game.obj
f:\classes\3d gamedev\3d project\shit engine\shit engine\debug\gf3d_camera.obj
f:\classes\3d gamedev\3d project\shit engine\shit engine\debug\gf3d_commands.obj
f:\classes\3d gamedev\3d project\shit engine\shit engine\debug\gf3d_extensions.obj
f:\classes\3d gamedev\3d project\shit engine\shit engine\debug\gf3d_matrix.obj
f:\classes\3d gamedev\3d project\shit engine\shit engine\debug\gf3d_mesh.obj
f:\classes\3d gamedev\3d project\shit engine\shit engine\debug\gf3d_model.obj
f:\classes\3d gamedev\3d project\shit engine\shit engine\debug\gf3d_obj_load.obj
f:\classes\3d gamedev\3d project\shit engine\shit engine\debug\gf3d_pipeline.obj
f:\classes\3d gamedev\3d project\shit engine\shit engine\debug\gf3d_shaders.obj
f:\classes\3d gamedev\3d project\shit engine\shit engine\debug\gf3d_swapchain.obj
f:\classes\3d gamedev\3d project\shit engine\shit engine\debug\gf3d_texture.obj
f:\classes\3d gamedev\3d project\shit engine\shit engine\debug\gf3d_types.obj
f:\classes\3d gamedev\3d project\shit engine\shit engine\debug\gf3d_validation.obj
f:\classes\3d gamedev\3d project\shit engine\shit engine\debug\gf3d_vector.obj
f:\classes\3d gamedev\3d project\shit engine\shit engine\debug\gf3d_vgraphics.obj
f:\classes\3d gamedev\3d project\shit engine\shit engine\debug\gf3d_vqueues.obj
f:\classes\3d gamedev\3d project\shit engine\shit engine\debug\simple_logger.obj
f:\classes\3d gamedev\3d project\shit engine\debug\shit engine.ilk
f:\classes\3d gamedev\3d project\shit engine\debug\shit engine.exe
f:\classes\3d gamedev\3d project\shit engine\debug\shit engine.pdb
f:\classes\3d gamedev\3d project\shit engine\shit engine\debug\shit engine.tlog\cl.command.1.tlog
f:\classes\3d gamedev\3d project\shit engine\shit engine\debug\shit engine.tlog\cl.read.1.tlog
f:\classes\3d gamedev\3d project\shit engine\shit engine\debug\shit engine.tlog\cl.write.1.tlog
f:\classes\3d gamedev\3d project\shit engine\shit engine\debug\shit engine.tlog\link.command.1.tlog
f:\classes\3d gamedev\3d project\shit engine\shit engine\debug\shit engine.tlog\link.read.1.tlog
f:\classes\3d gamedev\3d project\shit engine\shit engine\debug\shit engine.tlog\link.write.1.tlog
